<?xml version="1.0" encoding="UTF-8"?>
<!-- Generated by org.testng.reporters.JUnitXMLReporter -->
<testsuite ignored="0" hostname="DESKTOP-BLPH810" failures="1" tests="1" name="ChromeTest" time="30.61" errors="0" timestamp="2024-10-17T22:43:23 IST">
  <testcase classname="testCases.TC0001_AccountRegistrationTest" name="User_Account_Registration_Process" time="15.449">
    <failure type="java.lang.AssertionError" message="null">
      <![CDATA[java.lang.AssertionError: null
at testCases.TC0001_AccountRegistrationTest.User_Account_Registration_Process(TC0001_AccountRegistrationTest.java:43)
at java.base/java.util.ArrayList.forEach(ArrayList.java:1597)
at java.base/java.util.concurrent.FutureTask.run(FutureTask.java:317)
at java.base/java.util.concurrent.ThreadPoolExecutor.runWorker(ThreadPoolExecutor.java:1144)
at java.base/java.util.concurrent.ThreadPoolExecutor$Worker.run(ThreadPoolExecutor.java:642)
at java.base/java.lang.Thread.run(Thread.java:1570)
... Removed 17 stack frames]]>
    </failure>
  </testcase> <!-- User_Account_Registration_Process -->
</testsuite> <!-- ChromeTest -->
